{"/Users/aleksandrivanov/Documents/code/frontend-project-lvl2/src/gendiff.js": {"path":"/Users/aleksandrivanov/Documents/code/frontend-project-lvl2/src/gendiff.js","all":false,"statementMap":{"0":{"start":{"line":1,"column":0},"end":{"line":1,"column":34}},"1":{"start":{"line":2,"column":0},"end":{"line":2,"column":23}},"2":{"start":{"line":3,"column":0},"end":{"line":3,"column":0}},"3":{"start":{"line":4,"column":0},"end":{"line":4,"column":42}},"4":{"start":{"line":5,"column":0},"end":{"line":5,"column":52}},"5":{"start":{"line":6,"column":0},"end":{"line":6,"column":52}},"6":{"start":{"line":7,"column":0},"end":{"line":7,"column":0}},"7":{"start":{"line":8,"column":0},"end":{"line":8,"column":77}},"8":{"start":{"line":9,"column":0},"end":{"line":9,"column":0}},"9":{"start":{"line":10,"column":0},"end":{"line":10,"column":49}},"10":{"start":{"line":11,"column":0},"end":{"line":11,"column":22}},"11":{"start":{"line":12,"column":0},"end":{"line":12,"column":37}},"12":{"start":{"line":13,"column":0},"end":{"line":13,"column":45}},"13":{"start":{"line":14,"column":0},"end":{"line":14,"column":44}},"14":{"start":{"line":15,"column":0},"end":{"line":15,"column":45}},"15":{"start":{"line":16,"column":0},"end":{"line":16,"column":43}},"16":{"start":{"line":17,"column":0},"end":{"line":17,"column":45}},"17":{"start":{"line":18,"column":0},"end":{"line":18,"column":45}},"18":{"start":{"line":19,"column":0},"end":{"line":19,"column":12}},"19":{"start":{"line":20,"column":0},"end":{"line":20,"column":45}},"20":{"start":{"line":21,"column":0},"end":{"line":21,"column":5}},"21":{"start":{"line":22,"column":0},"end":{"line":22,"column":0}},"22":{"start":{"line":23,"column":0},"end":{"line":23,"column":32}},"23":{"start":{"line":24,"column":0},"end":{"line":24,"column":9}},"24":{"start":{"line":25,"column":0},"end":{"line":25,"column":0}},"25":{"start":{"line":26,"column":0},"end":{"line":26,"column":31}},"26":{"start":{"line":27,"column":0},"end":{"line":27,"column":2}}},"s":{"0":1,"1":1,"2":1,"3":1,"4":1,"5":1,"6":1,"7":1,"8":1,"9":1,"10":5,"11":5,"12":3,"13":3,"14":2,"15":2,"16":1,"17":1,"18":1,"19":1,"20":1,"21":5,"22":5,"23":1,"24":1,"25":1,"26":1},"branchMap":{"0":{"type":"branch","line":4,"loc":{"start":{"line":4,"column":15},"end":{"line":27,"column":2}},"locations":[{"start":{"line":4,"column":15},"end":{"line":27,"column":2}}]},"1":{"type":"branch","line":10,"loc":{"start":{"line":10,"column":33},"end":{"line":24,"column":5}},"locations":[{"start":{"line":10,"column":33},"end":{"line":24,"column":5}}]},"2":{"type":"branch","line":12,"loc":{"start":{"line":12,"column":36},"end":{"line":14,"column":11}},"locations":[{"start":{"line":12,"column":36},"end":{"line":14,"column":11}}]},"3":{"type":"branch","line":12,"loc":{"start":{"line":12,"column":4},"end":{"line":21,"column":5}},"locations":[{"start":{"line":12,"column":4},"end":{"line":21,"column":5}}]},"4":{"type":"branch","line":14,"loc":{"start":{"line":14,"column":43},"end":{"line":16,"column":11}},"locations":[{"start":{"line":14,"column":43},"end":{"line":16,"column":11}}]},"5":{"type":"branch","line":14,"loc":{"start":{"line":14,"column":11},"end":{"line":21,"column":5}},"locations":[{"start":{"line":14,"column":11},"end":{"line":21,"column":5}}]},"6":{"type":"branch","line":16,"loc":{"start":{"line":16,"column":42},"end":{"line":21,"column":5}},"locations":[{"start":{"line":16,"column":42},"end":{"line":21,"column":5}}]}},"b":{"0":[1],"1":[5],"2":[2],"3":[3],"4":[1],"5":[2],"6":[1]},"fnMap":{"0":{"name":"default","decl":{"start":{"line":4,"column":15},"end":{"line":27,"column":2}},"loc":{"start":{"line":4,"column":15},"end":{"line":27,"column":2}},"line":4}},"f":{"0":1}}
,"/Users/aleksandrivanov/Documents/code/frontend-project-lvl2/src/getFixturePath.js": {"path":"/Users/aleksandrivanov/Documents/code/frontend-project-lvl2/src/getFixturePath.js","all":false,"statementMap":{"0":{"start":{"line":1,"column":0},"end":{"line":1,"column":37}},"1":{"start":{"line":2,"column":0},"end":{"line":2,"column":36}},"2":{"start":{"line":3,"column":0},"end":{"line":3,"column":0}},"3":{"start":{"line":4,"column":0},"end":{"line":4,"column":48}},"4":{"start":{"line":5,"column":0},"end":{"line":5,"column":50}},"5":{"start":{"line":6,"column":0},"end":{"line":6,"column":48}},"6":{"start":{"line":7,"column":0},"end":{"line":7,"column":38}},"7":{"start":{"line":8,"column":0},"end":{"line":8,"column":0}},"8":{"start":{"line":9,"column":0},"end":{"line":9,"column":90}},"9":{"start":{"line":10,"column":0},"end":{"line":10,"column":0}},"10":{"start":{"line":11,"column":0},"end":{"line":11,"column":30}}},"s":{"0":1,"1":1,"2":1,"3":1,"4":1,"5":1,"6":1,"7":1,"8":1,"9":1,"10":1},"branchMap":{"0":{"type":"branch","line":9,"loc":{"start":{"line":9,"column":24},"end":{"line":9,"column":41}},"locations":[{"start":{"line":9,"column":24},"end":{"line":9,"column":41}}]}},"b":{"0":[2]},"fnMap":{"0":{"name":"getFixturePath","decl":{"start":{"line":9,"column":24},"end":{"line":9,"column":41}},"loc":{"start":{"line":9,"column":24},"end":{"line":9,"column":41}},"line":9}},"f":{"0":2}}
}
