TN:
SF:src/gendiff.js
FN:4,default
FNF:1
FNH:1
FNDA:1,default
DA:1,1
DA:2,1
DA:3,1
DA:4,1
DA:5,1
DA:6,1
DA:7,1
DA:8,1
DA:9,1
DA:10,1
DA:11,5
DA:12,5
DA:13,3
DA:14,3
DA:15,2
DA:16,2
DA:17,1
DA:18,1
DA:19,1
DA:20,1
DA:21,1
DA:22,5
DA:23,5
DA:24,1
DA:25,1
DA:26,1
DA:27,1
LF:27
LH:27
BRDA:4,0,0,1
BRDA:10,1,0,5
BRDA:12,2,0,2
BRDA:12,3,0,3
BRDA:14,4,0,1
BRDA:14,5,0,2
BRDA:16,6,0,1
BRF:7
BRH:7
end_of_record
TN:
SF:src/getFixturePath.js
FN:9,getFixturePath
FNF:1
FNH:1
FNDA:2,getFixturePath
DA:1,1
DA:2,1
DA:3,1
DA:4,1
DA:5,1
DA:6,1
DA:7,1
DA:8,1
DA:9,1
DA:10,1
DA:11,1
LF:11
LH:11
BRDA:9,0,0,2
BRF:1
BRH:1
end_of_record
